# JRE version: 7.0_07-b10
# Java VM: Java HotSpot(TM) 64-Bit Server VM (23.3-b01 mixed mode linux-amd64 compressed oops)
Heap
 PSYoungGen      total 125504K, used 128K [0x00000000eaab0000, 0x00000000f25c0000, 0x0000000100000000)
  eden space 124992K, 0% used [0x00000000eaab0000,0x00000000eaab0000,0x00000000f24c0000)
  from space 512K, 25% used [0x00000000f24c0000,0x00000000f24e0000,0x00000000f2540000)
  to   space 512K, 0% used [0x00000000f2540000,0x00000000f2540000,0x00000000f25c0000)
 ParOldGen       total 112768K, used 39920K [0x00000000c0000000, 0x00000000c6e20000, 0x00000000eaab0000)
  object space 112768K, 35% used [0x00000000c0000000,0x00000000c26fc3e0,0x00000000c6e20000)
 PSPermGen       total 70784K, used 70757K [0x00000000b0000000, 0x00000000b4520000, 0x00000000c0000000)
  object space 70784K, 99% used [0x00000000b0000000,0x00000000b45197b0,0x00000000b4520000)
GC Heap History (10 events):
Event: 228672.021 GC heap after
Heap after GC invocations=7628 (full 3811):
 PSYoungGen      total 125440K, used 448K [0x00000000eaab0000, 0x00000000f25e0000, 0x0000000100000000)
  eden space 124992K, 0% used [0x00000000eaab0000,0x00000000eaab0000,0x00000000f24c0000)
  from space 448K, 100% used [0x00000000f24c0000,0x00000000f2530000,0x00000000f2530000)
  to   space 576K, 0% used [0x00000000f2550000,0x00000000f2550000,0x00000000f25e0000)
 ParOldGen       total 112768K, used 39920K [0x00000000c0000000, 0x00000000c6e20000, 0x00000000eaab0000)
  object space 112768K, 35% used [0x00000000c0000000,0x00000000c26fc378,0x00000000c6e20000)
 PSPermGen       total 70784K, used 70757K [0x00000000b0000000, 0x00000000b4520000, 0x00000000c0000000)
  object space 70784K, 99% used [0x00000000b0000000,0x00000000b45197b0,0x00000000b4520000)
}
Event: 228672.021 GC heap before
{Heap before GC invocations=7629 (full 3812):
 PSYoungGen      total 125440K, used 448K [0x00000000eaab0000, 0x00000000f25e0000, 0x0000000100000000)
  eden space 124992K, 0% used [0x00000000eaab0000,0x00000000eaab0000,0x00000000f24c0000)
  from space 448K, 100% used [0x00000000f24c0000,0x00000000f2530000,0x00000000f2530000)
  to   space 576K, 0% used [0x00000000f2550000,0x00000000f2550000,0x00000000f25e0000)
 ParOldGen       total 112768K, used 39920K [0x00000000c0000000, 0x00000000c6e20000, 0x00000000eaab0000)
  object space 112768K, 35% used [0x00000000c0000000,0x00000000c26fc378,0x00000000c6e20000)
 PSPermGen       total 70784K, used 70757K [0x00000000b0000000, 0x00000000b4520000, 0x00000000c0000000)
  object space 70784K, 99% used [0x00000000b0000000,0x00000000b45197b0,0x00000000b4520000)
Event: 228672.078 GC heap after
Heap after GC invocations=7629 (full 3812):
 PSYoungGen      total 125440K, used 0K [0x00000000eaab0000, 0x00000000f25e0000, 0x0000000100000000)
  eden space 124992K, 0% used [0x00000000eaab0000,0x00000000eaab0000,0x00000000f24c0000)
  from space 448K, 0% used [0x00000000f24c0000,0x00000000f24c0000,0x00000000f2530000)
  to   space 576K, 0% used [0x00000000f2550000,0x00000000f2550000,0x00000000f25e0000)
 ParOldGen       total 112768K, used 40036K [0x00000000c0000000, 0x00000000c6e20000, 0x00000000eaab0000)
  object space 112768K, 35% used [0x00000000c0000000,0x00000000c2719088,0x00000000c6e20000)
 PSPermGen       total 70784K, used 70757K [0x00000000b0000000, 0x00000000b4520000, 0x00000000c0000000)
  object space 70784K, 99% used [0x00000000b0000000,0x00000000b45197b0,0x00000000b4520000)
}
Event: 228732.018 GC heap before
{Heap before GC invocations=7630 (full 3812):
 PSYoungGen      total 125440K, used 4458K [0x00000000eaab0000, 0x00000000f25e0000, 0x0000000100000000)
  eden space 124992K, 3% used [0x00000000eaab0000,0x00000000eaf0aa48,0x00000000f24c0000)
  from space 448K, 0% used [0x00000000f24c0000,0x00000000f24c0000,0x00000000f2530000)
  to   space 576K, 0% used [0x00000000f2550000,0x00000000f2550000,0x00000000f25e0000)
 ParOldGen       total 112768K, used 40036K [0x00000000c0000000, 0x00000000c6e20000, 0x00000000eaab0000)
  object space 112768K, 35% used [0x00000000c0000000,0x00000000c2719088,0x00000000c6e20000)
 PSPermGen       total 70784K, used 70757K [0x00000000b0000000, 0x00000000b4520000, 0x00000000c0000000)
  object space 70784K, 99% used [0x00000000b0000000,0x00000000b45197b0,0x00000000b4520000)
Event: 228732.022 GC heap after
Heap after GC invocations=7630 (full 3812):
 PSYoungGen      total 125440K, used 96K [0x00000000eaab0000, 0x00000000f25c0000, 0x0000000100000000)
  eden space 124992K, 0% used [0x00000000eaab0000,0x00000000eaab0000,0x00000000f24c0000)
  from space 448K, 21% used [0x00000000f2550000,0x00000000f2568000,0x00000000f25c0000)
  to   space 512K, 0% used [0x00000000f24c0000,0x00000000f24c0000,0x00000000f2540000)
 ParOldGen       total 112768K, used 40036K [0x00000000c0000000, 0x00000000c6e20000, 0x00000000eaab0000)
  object space 112768K, 35% used [0x00000000c0000000,0x00000000c2719088,0x00000000c6e20000)
 PSPermGen       total 70784K, used 70757K [0x00000000b0000000, 0x00000000b4520000, 0x00000000c0000000)
  object space 70784K, 99% used [0x00000000b0000000,0x00000000b45197b0,0x00000000b4520000)
}
Event: 228732.022 GC heap before
{Heap before GC invocations=7631 (full 3813):
 PSYoungGen      total 125440K, used 96K [0x00000000eaab0000, 0x00000000f25c0000, 0x0000000100000000)
  eden space 124992K, 0% used [0x00000000eaab0000,0x00000000eaab0000,0x00000000f24c0000)
  from space 448K, 21% used [0x00000000f2550000,0x00000000f2568000,0x00000000f25c0000)
  to   space 512K, 0% used [0x00000000f24c0000,0x00000000f24c0000,0x00000000f2540000)
 ParOldGen       total 112768K, used 40036K [0x00000000c0000000, 0x00000000c6e20000, 0x00000000eaab0000)
  object space 112768K, 35% used [0x00000000c0000000,0x00000000c2719088,0x00000000c6e20000)
 PSPermGen       total 70784K, used 70757K [0x00000000b0000000, 0x00000000b4520000, 0x00000000c0000000)
  object space 70784K, 99% used [0x00000000b0000000,0x00000000b45197b0,0x00000000b4520000)
Event: 228732.084 GC heap after
Heap after GC invocations=7631 (full 3813):
 PSYoungGen      total 125440K, used 0K [0x00000000eaab0000, 0x00000000f25c0000, 0x0000000100000000)
  eden space 124992K, 0% used [0x00000000eaab0000,0x00000000eaab0000,0x00000000f24c0000)
  from space 448K, 0% used [0x00000000f2550000,0x00000000f2550000,0x00000000f25c0000)
  to   space 512K, 0% used [0x00000000f24c0000,0x00000000f24c0000,0x00000000f2540000)
 ParOldGen       total 112768K, used 39920K [0x00000000c0000000, 0x00000000c6e20000, 0x00000000eaab0000)
  object space 112768K, 35% used [0x00000000c0000000,0x00000000c26fc3e0,0x00000000c6e20000)
 PSPermGen       total 70784K, used 70757K [0x00000000b0000000, 0x00000000b4520000, 0x00000000c0000000)
  object space 70784K, 99% used [0x00000000b0000000,0x00000000b45197b0,0x00000000b4520000)
}
Event: 228792.019 GC heap before
{Heap before GC invocations=7632 (full 3813):
 PSYoungGen      total 125440K, used 3808K [0x00000000eaab0000, 0x00000000f25c0000, 0x0000000100000000)
  eden space 124992K, 3% used [0x00000000eaab0000,0x00000000eae68188,0x00000000f24c0000)
  from space 448K, 0% used [0x00000000f2550000,0x00000000f2550000,0x00000000f25c0000)
  to   space 512K, 0% used [0x00000000f24c0000,0x00000000f24c0000,0x00000000f2540000)
 ParOldGen       total 112768K, used 39920K [0x00000000c0000000, 0x00000000c6e20000, 0x00000000eaab0000)
  object space 112768K, 35% used [0x00000000c0000000,0x00000000c26fc3e0,0x00000000c6e20000)
 PSPermGen       total 70784K, used 70757K [0x00000000b0000000, 0x00000000b4520000, 0x00000000c0000000)
  object space 70784K, 99% used [0x00000000b0000000,0x00000000b45197b0,0x00000000b4520000)
Event: 228792.022 GC heap after
Heap after GC invocations=7632 (full 3813):
 PSYoungGen      total 125504K, used 128K [0x00000000eaab0000, 0x00000000f25c0000, 0x0000000100000000)
  eden space 124992K, 0% used [0x00000000eaab0000,0x00000000eaab0000,0x00000000f24c0000)
  from space 512K, 25% used [0x00000000f24c0000,0x00000000f24e0000,0x00000000f2540000)
  to   space 512K, 0% used [0x00000000f2540000,0x00000000f2540000,0x00000000f25c0000)
 ParOldGen       total 112768K, used 39920K [0x00000000c0000000, 0x00000000c6e20000, 0x00000000eaab0000)
  object space 112768K, 35% used [0x00000000c0000000,0x00000000c26fc3e0,0x00000000c6e20000)
 PSPermGen       total 70784K, used 70757K [0x00000000b0000000, 0x00000000b4520000, 0x00000000c0000000)
  object space 70784K, 99% used [0x00000000b0000000,0x00000000b45197b0,0x00000000b4520000)
}
Event: 228792.022 GC heap before
{Heap before GC invocations=7633 (full 3814):
 PSYoungGen      total 125504K, used 128K [0x00000000eaab0000, 0x00000000f25c0000, 0x0000000100000000)
  eden space 124992K, 0% used [0x00000000eaab0000,0x00000000eaab0000,0x00000000f24c0000)
  from space 512K, 25% used [0x00000000f24c0000,0x00000000f24e0000,0x00000000f2540000)
  to   space 512K, 0% used [0x00000000f2540000,0x00000000f2540000,0x00000000f25c0000)
 ParOldGen       total 112768K, used 39920K [0x00000000c0000000, 0x00000000c6e20000, 0x00000000eaab0000)
  object space 112768K, 35% used [0x00000000c0000000,0x00000000c26fc3e0,0x00000000c6e20000)
 PSPermGen       total 70784K, used 70757K [0x00000000b0000000, 0x00000000b4520000, 0x00000000c0000000)
  object space 70784K, 99% used [0x00000000b0000000,0x00000000b45197b0,0x00000000b4520000)

